0 verbose cli /usr/bin/node /bin/npm
1 info using npm@9.2.0
2 info using node@v18.20.1
3 timing npm:load:whichnode Completed in 7ms
4 timing config:load:defaults Completed in 24ms
5 timing config:load:file:/usr/share/nodejs/npm/npmrc Completed in 28ms
6 timing config:load:builtin Completed in 30ms
7 timing config:load:cli Completed in 12ms
8 timing config:load:env Completed in 2ms
9 timing config:load:file:/root/sms-app/.npmrc Completed in 8ms
10 timing config:load:project Completed in 45ms
11 timing config:load:file:/root/.npmrc Completed in 3ms
12 timing config:load:user Completed in 5ms
13 timing config:load:file:/etc/npmrc Completed in 2ms
14 timing config:load:global Completed in 3ms
15 timing config:load:setEnvs Completed in 8ms
16 timing config:load Completed in 139ms
17 timing npm:load:configload Completed in 140ms
18 timing npm:load:mkdirpcache Completed in 4ms
19 timing npm:load:mkdirplogs Completed in 5ms
20 verbose title npm install
21 verbose argv "install"
22 timing npm:load:setTitle Completed in 13ms
23 timing config:load:flatten Completed in 27ms
24 timing npm:load:display Completed in 36ms
25 verbose logfile logs-max:10 dir:/root/.npm/_logs/2024-09-01T11_09_56_524Z-
26 verbose logfile /root/.npm/_logs/2024-09-01T11_09_56_524Z-debug-0.log
27 timing npm:load:logFile Completed in 66ms
28 timing npm:load:timers Completed in 1ms
29 timing npm:load:configScope Completed in 0ms
30 timing npm:load Completed in 280ms
31 silly logfile start cleaning logs, removing 1 files
32 timing config:load:flatten Completed in 5ms
33 timing arborist:ctor Completed in 6ms
34 silly logfile done cleaning log files
35 timing arborist:ctor Completed in 2ms
36 timing idealTree:init Completed in 189ms
37 timing idealTree:userRequests Completed in 3ms
38 silly idealTree buildDeps
39 silly fetch manifest @next/swc-linux-x64@^6.10.7
40 http fetch GET 405 https://registry.npmjs.org/@next%2fswc-linux-x64/@next%2fswc-linux-x64 601ms (cache skip)
41 silly fetch manifest @radix-ui/react-icons@^1.3.0
42 http fetch GET 405 https://registry.npmjs.org/@next%2fswc-linux-x64/@radix-ui%2freact-icons 227ms (cache skip)
43 silly fetch manifest @radix-ui/react-label@^2.1.0
44 http fetch GET 405 https://registry.npmjs.org/@next%2fswc-linux-x64/@radix-ui%2freact-label 216ms (cache skip)
45 silly fetch manifest @radix-ui/react-select@^2.1.1
46 http fetch GET 405 https://registry.npmjs.org/@next%2fswc-linux-x64/@radix-ui%2freact-select 237ms (cache skip)
47 silly fetch manifest @radix-ui/react-slot@^1.1.0
48 http fetch GET 405 https://registry.npmjs.org/@next%2fswc-linux-x64/@radix-ui%2freact-slot 241ms (cache skip)
49 silly fetch manifest @radix-ui/react-tabs@^1.1.0
50 http fetch GET 405 https://registry.npmjs.org/@next%2fswc-linux-x64/@radix-ui%2freact-tabs 232ms (cache skip)
51 silly fetch manifest chart.js@^4.4.4
52 http fetch GET 404 https://registry.npmjs.org/@next%2fswc-linux-x64/chart.js 77ms (cache skip)
53 http fetch GET 404 https://registry.npmjs.org/@next%2fswc-linux-x64/chart.js 63ms (cache skip)
54 silly fetch manifest class-variance-authority@^0.7.0
55 http fetch GET 404 https://registry.npmjs.org/@next%2fswc-linux-x64/class-variance-authority 252ms (cache skip)
56 http fetch GET 404 https://registry.npmjs.org/@next%2fswc-linux-x64/class-variance-authority 316ms (cache skip)
57 silly fetch manifest clsx@^2.1.1
58 http fetch GET 404 https://registry.npmjs.org/@next%2fswc-linux-x64/clsx 260ms (cache skip)
59 http fetch GET 404 https://registry.npmjs.org/@next%2fswc-linux-x64/clsx 312ms (cache skip)
60 silly fetch manifest lucide-react@^0.436.0
61 http fetch GET 404 https://registry.npmjs.org/@next%2fswc-linux-x64/lucide-react 247ms (cache skip)
62 http fetch GET 404 https://registry.npmjs.org/@next%2fswc-linux-x64/lucide-react 239ms (cache skip)
63 silly fetch manifest next@14.2.7
64 http fetch GET 404 https://registry.npmjs.org/@next%2fswc-linux-x64/next 362ms (cache skip)
65 http fetch GET 404 https://registry.npmjs.org/@next%2fswc-linux-x64/next 238ms (cache skip)
66 silly fetch manifest npm@^10.8.3
67 http fetch GET 404 https://registry.npmjs.org/@next%2fswc-linux-x64/npm 276ms (cache skip)
68 http fetch GET 404 https://registry.npmjs.org/@next%2fswc-linux-x64/npm 380ms (cache skip)
69 silly fetch manifest react@^18
70 http fetch GET 404 https://registry.npmjs.org/@next%2fswc-linux-x64/react 290ms (cache skip)
71 http fetch GET 404 https://registry.npmjs.org/@next%2fswc-linux-x64/react 240ms (cache skip)
72 silly fetch manifest react-chartjs-2@^5.2.0
73 http fetch GET 404 https://registry.npmjs.org/@next%2fswc-linux-x64/react-chartjs-2 281ms (cache skip)
74 http fetch GET 404 https://registry.npmjs.org/@next%2fswc-linux-x64/react-chartjs-2 258ms (cache skip)
75 silly fetch manifest react-dom@^18
76 http fetch GET 404 https://registry.npmjs.org/@next%2fswc-linux-x64/react-dom 306ms (cache skip)
77 http fetch GET 404 https://registry.npmjs.org/@next%2fswc-linux-x64/react-dom 241ms (cache skip)
78 silly fetch manifest recharts@^2.12.7
79 http fetch GET 404 https://registry.npmjs.org/@next%2fswc-linux-x64/recharts 344ms (cache skip)
80 http fetch GET 404 https://registry.npmjs.org/@next%2fswc-linux-x64/recharts 235ms (cache skip)
81 silly fetch manifest shadcn@^1.0.0
82 http fetch GET 404 https://registry.npmjs.org/@next%2fswc-linux-x64/shadcn 243ms (cache skip)
83 http fetch GET 404 https://registry.npmjs.org/@next%2fswc-linux-x64/shadcn 238ms (cache skip)
84 silly fetch manifest swiper@^11.1.11
85 http fetch GET 404 https://registry.npmjs.org/@next%2fswc-linux-x64/swiper 467ms (cache skip)
86 http fetch GET 404 https://registry.npmjs.org/@next%2fswc-linux-x64/swiper 244ms (cache skip)
87 silly fetch manifest tailwind-merge@^2.5.2
88 http fetch GET 404 https://registry.npmjs.org/@next%2fswc-linux-x64/tailwind-merge 243ms (cache skip)
89 http fetch GET 404 https://registry.npmjs.org/@next%2fswc-linux-x64/tailwind-merge 240ms (cache skip)
90 silly fetch manifest tailwindcss-animate@^1.0.7
91 http fetch GET 404 https://registry.npmjs.org/@next%2fswc-linux-x64/tailwindcss-animate 346ms (cache skip)
92 http fetch GET 404 https://registry.npmjs.org/@next%2fswc-linux-x64/tailwindcss-animate 250ms (cache skip)
93 silly fetch manifest @types/react@18.3.4
94 http fetch GET 405 https://registry.npmjs.org/@next%2fswc-linux-x64/@types%2freact 232ms (cache skip)
95 silly fetch manifest eslint@^8
96 http fetch GET 404 https://registry.npmjs.org/@next%2fswc-linux-x64/eslint 240ms (cache skip)
97 http fetch GET 404 https://registry.npmjs.org/@next%2fswc-linux-x64/eslint 357ms (cache skip)
98 silly fetch manifest eslint-config-next@14.2.7
99 http fetch GET 404 https://registry.npmjs.org/@next%2fswc-linux-x64/eslint-config-next 252ms (cache skip)
100 http fetch GET 404 https://registry.npmjs.org/@next%2fswc-linux-x64/eslint-config-next 263ms (cache skip)
101 silly fetch manifest postcss@^8
102 http fetch GET 404 https://registry.npmjs.org/@next%2fswc-linux-x64/postcss 238ms (cache skip)
103 http fetch GET 404 https://registry.npmjs.org/@next%2fswc-linux-x64/postcss 310ms (cache skip)
104 silly fetch manifest tailwindcss@^3.4.10
105 http fetch GET 404 https://registry.npmjs.org/@next%2fswc-linux-x64/tailwindcss 250ms (cache skip)
106 http fetch GET 404 https://registry.npmjs.org/@next%2fswc-linux-x64/tailwindcss 252ms (cache skip)
107 silly placeDep ROOT @next/swc-linux-x64@ OK for: sms-app@0.1.0 want: ^6.10.7
108 silly placeDep ROOT @radix-ui/react-icons@ OK for: sms-app@0.1.0 want: ^1.3.0
109 silly placeDep ROOT @radix-ui/react-label@ OK for: sms-app@0.1.0 want: ^2.1.0
110 silly placeDep ROOT @radix-ui/react-select@ OK for: sms-app@0.1.0 want: ^2.1.1
111 silly placeDep ROOT @radix-ui/react-slot@ OK for: sms-app@0.1.0 want: ^1.1.0
112 silly placeDep ROOT @radix-ui/react-tabs@ OK for: sms-app@0.1.0 want: ^1.1.0
113 silly placeDep ROOT @types/react@ OK for: sms-app@0.1.0 want: 18.3.4
114 silly placeDep ROOT chart.js@ OK for: sms-app@0.1.0 want: ^4.4.4
115 silly placeDep ROOT class-variance-authority@ OK for: sms-app@0.1.0 want: ^0.7.0
116 silly placeDep ROOT clsx@ OK for: sms-app@0.1.0 want: ^2.1.1
117 silly placeDep ROOT eslint@ OK for: sms-app@0.1.0 want: ^8
118 silly placeDep ROOT eslint-config-next@ OK for: sms-app@0.1.0 want: 14.2.7
119 silly placeDep ROOT lucide-react@ OK for: sms-app@0.1.0 want: ^0.436.0
120 silly placeDep ROOT next@ OK for: sms-app@0.1.0 want: 14.2.7
121 silly placeDep ROOT npm@ OK for: sms-app@0.1.0 want: ^10.8.3
122 silly placeDep ROOT postcss@ OK for: sms-app@0.1.0 want: ^8
123 silly placeDep ROOT react@ OK for: sms-app@0.1.0 want: ^18
124 silly placeDep ROOT react-chartjs-2@ OK for: sms-app@0.1.0 want: ^5.2.0
125 silly placeDep ROOT react-dom@ OK for: sms-app@0.1.0 want: ^18
126 silly placeDep ROOT recharts@ OK for: sms-app@0.1.0 want: ^2.12.7
127 silly placeDep ROOT shadcn@ OK for: sms-app@0.1.0 want: ^1.0.0
128 silly placeDep ROOT swiper@ OK for: sms-app@0.1.0 want: ^11.1.11
129 silly placeDep ROOT tailwind-merge@ OK for: sms-app@0.1.0 want: ^2.5.2
130 silly placeDep ROOT tailwindcss@ OK for: sms-app@0.1.0 want: ^3.4.10
131 silly placeDep ROOT tailwindcss-animate@ OK for: sms-app@0.1.0 want: ^1.0.7
132 timing idealTree:#root Completed in 12470ms
133 timing idealTree:node_modules/@next/swc-linux-x64 Completed in 0ms
134 timing idealTree:node_modules/@radix-ui/react-icons Completed in 0ms
135 timing idealTree:node_modules/@radix-ui/react-label Completed in 3ms
136 timing idealTree:node_modules/@radix-ui/react-select Completed in 1ms
137 timing idealTree:node_modules/@radix-ui/react-slot Completed in 1ms
138 timing idealTree:node_modules/@radix-ui/react-tabs Completed in 0ms
139 timing idealTree:node_modules/@types/react Completed in 1ms
140 timing idealTree:node_modules/chart.js Completed in 0ms
141 timing idealTree:node_modules/class-variance-authority Completed in 1ms
142 timing idealTree:node_modules/clsx Completed in 0ms
143 timing idealTree:node_modules/eslint Completed in 0ms
144 timing idealTree:node_modules/eslint-config-next Completed in 0ms
145 timing idealTree:node_modules/lucide-react Completed in 1ms
146 timing idealTree:node_modules/next Completed in 0ms
147 timing idealTree:node_modules/npm Completed in 0ms
148 timing idealTree:node_modules/postcss Completed in 0ms
149 timing idealTree:node_modules/react Completed in 0ms
150 timing idealTree:node_modules/react-chartjs-2 Completed in 0ms
151 timing idealTree:node_modules/react-dom Completed in 0ms
152 timing idealTree:node_modules/recharts Completed in 0ms
153 timing idealTree:node_modules/shadcn Completed in 0ms
154 timing idealTree:node_modules/swiper Completed in 0ms
155 timing idealTree:node_modules/tailwind-merge Completed in 0ms
156 timing idealTree:node_modules/tailwindcss Completed in 0ms
157 timing idealTree:node_modules/tailwindcss-animate Completed in 0ms
158 timing idealTree:buildDeps Completed in 12498ms
159 timing idealTree:fixDepFlags Completed in 4ms
160 timing idealTree Completed in 12717ms
161 timing command:install Completed in 12772ms
162 verbose stack HttpErrorGeneral: 405 Method Not Allowed - GET https://registry.npmjs.org/@next%2fswc-linux-x64/@next%2fswc-linux-x64
162 verbose stack     at /usr/share/nodejs/npm/node_modules/npm-registry-fetch/lib/check-response.js:95:15
162 verbose stack     at process.processTicksAndRejections (node:internal/process/task_queues:95:5)
162 verbose stack     at async RegistryFetcher.packument (/usr/share/nodejs/pacote/lib/registry.js:85:19)
162 verbose stack     at async RegistryFetcher.manifest (/usr/share/nodejs/pacote/lib/registry.js:116:23)
162 verbose stack     at async [nodeFromEdge] (/usr/share/nodejs/@npmcli/arborist/lib/arborist/build-ideal-tree.js:1058:19)
162 verbose stack     at async [buildDepStep] (/usr/share/nodejs/@npmcli/arborist/lib/arborist/build-ideal-tree.js:928:11)
162 verbose stack     at async Arborist.buildIdealTree (/usr/share/nodejs/@npmcli/arborist/lib/arborist/build-ideal-tree.js:206:7)
162 verbose stack     at async Promise.all (index 1)
162 verbose stack     at async Arborist.reify (/usr/share/nodejs/@npmcli/arborist/lib/arborist/reify.js:156:5)
162 verbose stack     at async Install.exec (/usr/share/nodejs/npm/lib/commands/install.js:146:5)
163 verbose statusCode 405
164 verbose pkgid @next/swc-linux-x64@^6.10.7
165 verbose cwd /root/sms-app
166 verbose Linux 4.9.190+
167 verbose node v18.20.1
168 verbose npm  v9.2.0
169 error code E405
170 error 405 Method Not Allowed - GET https://registry.npmjs.org/@next%2fswc-linux-x64/@next%2fswc-linux-x64
171 verbose exit 1
172 timing npm Completed in 13389ms
173 verbose unfinished npm timer reify 1725188997130
174 verbose unfinished npm timer reify:loadTrees 1725188997145
175 verbose code 1
176 error A complete log of this run can be found in:
176 error     /root/.npm/_logs/2024-09-01T11_09_56_524Z-debug-0.log
